This is a LCLS-II experiment
/var/spool/slurmd/job484438/slurm_script: line 94: export: `1': not a valid identifier
/cds/home/m/monarin/psana-nersc/psana2/rix/smalldata_tools
['/cds/data/drpsrcf/rix/rixl1013320/xtc/rixl1013320-r0063-s004-c000.xtc2', '/cds/data/drpsrcf/rix/rixl1013320/xtc/rixl1013320-r0063-s009-c000.xtc2', '/cds/data/drpsrcf/rix/rixl1013320/xtc/rixl1013320-r0063-s003-c000.xtc2', '/cds/data/drpsrcf/rix/rixl1013320/xtc/rixl1013320-r0063-s001-c000.xtc2', '/cds/data/drpsrcf/rix/rixl1013320/xtc/rixl1013320-r0063-s000-c000.xtc2', '/cds/data/drpsrcf/rix/rixl1013320/xtc/rixl1013320-r0063-s002-c000.xtc2', '/cds/data/drpsrcf/rix/rixl1013320/xtc/rixl1013320-r0063-s005-c000.xtc2', '/cds/data/drpsrcf/rix/rixl1013320/xtc/rixl1013320-r0063-s006-c000.xtc2', '/cds/data/drpsrcf/rix/rixl1013320/xtc/rixl1013320-r0063-s008-c000.xtc2', '/cds/data/drpsrcf/rix/rixl1013320/xtc/rixl1013320-r0063-s007-c000.xtc2']
Files appeared after 0:00:21.242431 seconds
deifne output
['/cds/data/drpsrcf/rix/rixl1013320/xtc/rixl1013320-r0063-s004-c000.xtc2', '/cds/data/drpsrcf/rix/rixl1013320/xtc/rixl1013320-r0063-s009-c000.xtc2', '/cds/data/drpsrcf/rix/rixl1013320/xtc/rixl1013320-r0063-s003-c000.xtc2', '/cds/data/drpsrcf/rix/rixl1013320/xtc/rixl1013320-r0063-s001-c000.xtc2', '/cds/data/drpsrcf/rix/rixl1013320/xtc/rixl1013320-r0063-s000-c000.xtc2', '/cds/data/drpsrcf/rix/rixl1013320/xtc/rixl1013320-r0063-s002-c000.xtc2', '/cds/data/drpsrcf/rix/rixl1013320/xtc/rixl1013320-r0063-s005-c000.xtc2', '/cds/data/drpsrcf/rix/rixl1013320/xtc/rixl1013320-r0063-s006-c000.xtc2', '/cds/data/drpsrcf/rix/rixl1013320/xtc/rixl1013320-r0063-s008-c000.xtc2', '/cds/data/drpsrcf/rix/rixl1013320/xtc/rixl1013320-r0063-s007-c000.xtc2']
Files appeared after 0:00:21.242428 seconds
deifne output
['/cds/data/drpsrcf/rix/rixl1013320/xtc/rixl1013320-r0063-s004-c000.xtc2', '/cds/data/drpsrcf/rix/rixl1013320/xtc/rixl1013320-r0063-s009-c000.xtc2', '/cds/data/drpsrcf/rix/rixl1013320/xtc/rixl1013320-r0063-s003-c000.xtc2', '/cds/data/drpsrcf/rix/rixl1013320/xtc/rixl1013320-r0063-s001-c000.xtc2', '/cds/data/drpsrcf/rix/rixl1013320/xtc/rixl1013320-r0063-s000-c000.xtc2', '/cds/data/drpsrcf/rix/rixl1013320/xtc/rixl1013320-r0063-s002-c000.xtc2', '/cds/data/drpsrcf/rix/rixl1013320/xtc/rixl1013320-r0063-s005-c000.xtc2', '/cds/data/drpsrcf/rix/rixl1013320/xtc/rixl1013320-r0063-s006-c000.xtc2', '/cds/data/drpsrcf/rix/rixl1013320/xtc/rixl1013320-r0063-s008-c000.xtc2', '/cds/data/drpsrcf/rix/rixl1013320/xtc/rixl1013320-r0063-s007-c000.xtc2']
Files appeared after 0:00:21.242442 seconds
deifne output
['/cds/data/drpsrcf/rix/rixl1013320/xtc/rixl1013320-r0063-s004-c000.xtc2', '/cds/data/drpsrcf/rix/rixl1013320/xtc/rixl1013320-r0063-s009-c000.xtc2', '/cds/data/drpsrcf/rix/rixl1013320/xtc/rixl1013320-r0063-s003-c000.xtc2', '/cds/data/drpsrcf/rix/rixl1013320/xtc/rixl1013320-r0063-s001-c000.xtc2', '/cds/data/drpsrcf/rix/rixl1013320/xtc/rixl1013320-r0063-s000-c000.xtc2', '/cds/data/drpsrcf/rix/rixl1013320/xtc/rixl1013320-r0063-s002-c000.xtc2', '/cds/data/drpsrcf/rix/rixl1013320/xtc/rixl1013320-r0063-s005-c000.xtc2', '/cds/data/drpsrcf/rix/rixl1013320/xtc/rixl1013320-r0063-s006-c000.xtc2', '/cds/data/drpsrcf/rix/rixl1013320/xtc/rixl1013320-r0063-s008-c000.xtc2', '/cds/data/drpsrcf/rix/rixl1013320/xtc/rixl1013320-r0063-s007-c000.xtc2']
Files appeared after 0:00:21.242430 seconds
deifne output
['/cds/data/drpsrcf/rix/rixl1013320/xtc/rixl1013320-r0063-s004-c000.xtc2', '/cds/data/drpsrcf/rix/rixl1013320/xtc/rixl1013320-r0063-s009-c000.xtc2', '/cds/data/drpsrcf/rix/rixl1013320/xtc/rixl1013320-r0063-s003-c000.xtc2', '/cds/data/drpsrcf/rix/rixl1013320/xtc/rixl1013320-r0063-s001-c000.xtc2', '/cds/data/drpsrcf/rix/rixl1013320/xtc/rixl1013320-r0063-s000-c000.xtc2', '/cds/data/drpsrcf/rix/rixl1013320/xtc/rixl1013320-r0063-s002-c000.xtc2', '/cds/data/drpsrcf/rix/rixl1013320/xtc/rixl1013320-r0063-s005-c000.xtc2', '/cds/data/drpsrcf/rix/rixl1013320/xtc/rixl1013320-r0063-s006-c000.xtc2', '/cds/data/drpsrcf/rix/rixl1013320/xtc/rixl1013320-r0063-s008-c000.xtc2', '/cds/data/drpsrcf/rix/rixl1013320/xtc/rixl1013320-r0063-s007-c000.xtc2']
Files appeared after 0:00:21.242728 seconds
deifne output
/cds/home/m/monarin/psana-nersc/psana2/rix/output/rixl1013320_Run0063.h5
Opening the data source:
/cds/home/m/monarin/psana-nersc/psana2/rix/output/rixl1013320_Run0063.h5
/cds/home/m/monarin/psana-nersc/psana2/rix/output/rixl1013320_Run0063.h5
/cds/home/m/monarin/psana-nersc/psana2/rix/output/rixl1013320_Run0063.h5
/cds/home/m/monarin/psana-nersc/psana2/rix/output/rixl1013320_Run0063.h5
Opening the h5file /cds/home/m/monarin/psana-nersc/psana2/rix/output/rixl1013320_Run0063.h5, gathering at 100
Opened the data source, now get run
INFO:__main__:psana conda environment is ps-4.4.10
Opening the h5file /cds/home/m/monarin/psana-nersc/psana2/rix/output/rixl1013320_Run0063.h5, gathering at 100
smalldata file has been created on rank 3
Opening the h5file /cds/home/m/monarin/psana-nersc/psana2/rix/output/rixl1013320_Run0063.h5, gathering at 100
smalldata file has been created on rank 1
Opening the h5file /cds/home/m/monarin/psana-nersc/psana2/rix/output/rixl1013320_Run0063.h5, gathering at 100
smalldata file has been created on rank 2
Opening the h5file /cds/home/m/monarin/psana-nersc/psana2/rix/output/rixl1013320_Run0063.h5, gathering at 100
smalldata file has been created on rank 0
epicsStore names for epicsAll ['StaleFlags', 'IM1K1_power_meter', 'IM1K2_power_meter', 'IM2K1_power_meter', 'IM2K2_power_meter', 'IM3K2_power_meter', 'IM4K2_power_meter', 'IM5K2_power_meter', 'IM6K2_power_meter', 'MONO_MR2K1_PITCH', 'MONO_GRATING_PITCH', 'MONO_GRATING_HORZ', 'MR1K1_BENDER_US', 'MR1K1_BENDER_DS', 'MR1K1_PITCH', 'MR1K2_SWITCH_PITCH', 'EXIT_SLIT_GAP', 'MONO_ENERGY_EV', 'Machine', 'milliJoulesPerPulse_gmd', 'Keithley_gmd', 'GMD_Keithley_Sum', 'GMD_Temp_rbv', 'GMD_CrossSection', 'GMD_MeanCharge', 'GMD_PressureCalc', 'GMD_ElectronMultiplier', 'GMD_IonMesh', 'GMD_ElectronMesh', 'GMD_ElectronFaradayCup', 'Keithley_1_xgmd', 'Keithley_2_xgmd', 'milliJoulesPerPulse_xgmd', 'XGMD_KeithleySum', 'XGMD_Temp', 'XGMD_CrossSection', 'XGMD_MeanCharge', 'XGMD_Pressure', 'XGMD_ElectronMultiplier', 'XGMD_IonMesh', 'XGMD_ElectronMesh', 'XGMD_ElectronFaradayCup', 'AT1K0_photon_energy', 'AT1K0_actual_GasAttenTrans', 'AT1K0_set_GasAttenTrans', 'AT1K0_PressureSetPt', 'AT1K0_VCN70_PosReq', 'pf1k0_y', 'pf1k0_z', 'MR1K4_xup', 'MR1K4_yup', 'MR1K4_pitch', 'MR2K4_x', 'MR2K4_y', 'MR2K4_pitch', 'MR2K4_bender_us', 'MR2K4_bender_ds', 'MR3K4_x', 'MR3K4_y', 'MR3K4_pitch', 'MR3K4_bender_us', 'MR3K4_bender_ds', 'PF1K4_y', 'PF1K4_z', 'IM2K4_XrayPower', 'IM3K4_XrayPower', 'IM4K4_XrayPower', 'IM5K4_XrayPower', 'CRIX_DIAG_X', 'CRIX_DIAG_Y', 'CRIX_DIAG_Z', 'CRIX_PDET_2THETA', 'CRIX_PDET_Y', 'CRIX_OBJ_X', 'CRIX_OBJ_Y', 'CRIX_OBJ_Z', 'CRIX_ILM_X', 'CRIX_ILM_Y', 'CRIX_ILM_Z', 'CRIX_QSTR_X', 'CRIX_QSTR_Y', 'CRIX_SDS_X', 'CRIX_SDS_Y', 'CRIX_SDS_Z', 'CRIX_SDS_RY', 'CRIX_BEAM_X', 'CRIX_BEAM_Y', 'CRIX_BEAM_Z', 'CRIX_OUTCOUP_Y', 'CRIX_RCC_X', 'CRIX_RCC_Y', 'CRIX_RCC_Z', 'CRIX_VLS_SLTOP', 'CRIX_VLS_SLBOTTOM', 'CRIX_VLS_SLRIGHT', 'CRIX_VLS_SLLEFT', 'CRIX_VLS_MP', 'CRIX_VLS_GP', 'CRIX_VLS_CAM_PITCH', 'CRIX_VLS_CAM_DIST', 'CRIX_PTC_Y_10', 'CRIX_PTC_Y_11', 'Vitara_1_Shutter', 'Vitara_2_Shutter', 'Vitara_1_bucket', 'Vitara_2_bucket', 'Pulse_delay', 'GRAT_UNDS_3515_X', 'SLIT_UNDS_3555_X', 'SLIT_UNDS_3555_Y', 'MIRR_UNDS_3520_PITCH', 'MIRR_UNDS_3560_X', 'MIRR_UNDS_3565_X', 'MIRR_UNDS_3565_PITCH', 'MIRR_UNDS_3565_YAW', 'BOD_UNDS_3575_X', 'BOD_UNDS_3575_Y', 'BOD_UNDS_3795_X', 'BOD_UNDS_3795_Y', 'SIOC_SYS0_ML04_A0444', 'SIOC_SYS0_ML04_A0445', 'SIOC_SYS0_ML04_A0446', 'SIOC_SYS0_ML04_A0447', 'SIOC_SYS0_ML04_A0448', 'LAS_VIT_TIME', 'ATM_delay_stage', 'LAS_ATT1_WP1', 'LAS_ATT1_WP2']
INFO:__main__:adding all epicsPVs....
INFO:__main__:adding all epicsPVs....
INFO:__main__:adding all epicsPVs....
INFO:__main__:adding all epicsPVs....
epicsStore names for epicsAll ['StaleFlags', 'IM1K1_power_meter', 'IM1K2_power_meter', 'IM2K1_power_meter', 'IM2K2_power_meter', 'IM3K2_power_meter', 'IM4K2_power_meter', 'IM5K2_power_meter', 'IM6K2_power_meter', 'MONO_MR2K1_PITCH', 'MONO_GRATING_PITCH', 'MONO_GRATING_HORZ', 'MR1K1_BENDER_US', 'MR1K1_BENDER_DS', 'MR1K1_PITCH', 'MR1K2_SWITCH_PITCH', 'EXIT_SLIT_GAP', 'MONO_ENERGY_EV', 'Machine', 'milliJoulesPerPulse_gmd', 'Keithley_gmd', 'GMD_Keithley_Sum', 'GMD_Temp_rbv', 'GMD_CrossSection', 'GMD_MeanCharge', 'GMD_PressureCalc', 'GMD_ElectronMultiplier', 'GMD_IonMesh', 'GMD_ElectronMesh', 'GMD_ElectronFaradayCup', 'Keithley_1_xgmd', 'Keithley_2_xgmd', 'milliJoulesPerPulse_xgmd', 'XGMD_KeithleySum', 'XGMD_Temp', 'XGMD_CrossSection', 'XGMD_MeanCharge', 'XGMD_Pressure', 'XGMD_ElectronMultiplier', 'XGMD_IonMesh', 'XGMD_ElectronMesh', 'XGMD_ElectronFaradayCup', 'AT1K0_photon_energy', 'AT1K0_actual_GasAttenTrans', 'AT1K0_set_GasAttenTrans', 'AT1K0_PressureSetPt', 'AT1K0_VCN70_PosReq', 'pf1k0_y', 'pf1k0_z', 'MR1K4_xup', 'MR1K4_yup', 'MR1K4_pitch', 'MR2K4_x', 'MR2K4_y', 'MR2K4_pitch', 'MR2K4_bender_us', 'MR2K4_bender_ds', 'MR3K4_x', 'MR3K4_y', 'MR3K4_pitch', 'MR3K4_bender_us', 'MR3K4_bender_ds', 'PF1K4_y', 'PF1K4_z', 'IM2K4_XrayPower', 'IM3K4_XrayPower', 'IM4K4_XrayPower', 'IM5K4_XrayPower', 'CRIX_DIAG_X', 'CRIX_DIAG_Y', 'CRIX_DIAG_Z', 'CRIX_PDET_2THETA', 'CRIX_PDET_Y', 'CRIX_OBJ_X', 'CRIX_OBJ_Y', 'CRIX_OBJ_Z', 'CRIX_ILM_X', 'CRIX_ILM_Y', 'CRIX_ILM_Z', 'CRIX_QSTR_X', 'CRIX_QSTR_Y', 'CRIX_SDS_X', 'CRIX_SDS_Y', 'CRIX_SDS_Z', 'CRIX_SDS_RY', 'CRIX_BEAM_X', 'CRIX_BEAM_Y', 'CRIX_BEAM_Z', 'CRIX_OUTCOUP_Y', 'CRIX_RCC_X', 'CRIX_RCC_Y', 'CRIX_RCC_Z', 'CRIX_VLS_SLTOP', 'CRIX_VLS_SLBOTTOM', 'CRIX_VLS_SLRIGHT', 'CRIX_VLS_SLLEFT', 'CRIX_VLS_MP', 'CRIX_VLS_GP', 'CRIX_VLS_CAM_PITCH', 'CRIX_VLS_CAM_DIST', 'CRIX_PTC_Y_10', 'CRIX_PTC_Y_11', 'Vitara_1_Shutter', 'Vitara_2_Shutter', 'Vitara_1_bucket', 'Vitara_2_bucket', 'Pulse_delay', 'GRAT_UNDS_3515_X', 'SLIT_UNDS_3555_X', 'SLIT_UNDS_3555_Y', 'MIRR_UNDS_3520_PITCH', 'MIRR_UNDS_3560_X', 'MIRR_UNDS_3565_X', 'MIRR_UNDS_3565_PITCH', 'MIRR_UNDS_3565_YAW', 'BOD_UNDS_3575_X', 'BOD_UNDS_3575_Y', 'BOD_UNDS_3795_X', 'BOD_UNDS_3795_Y', 'SIOC_SYS0_ML04_A0444', 'SIOC_SYS0_ML04_A0445', 'SIOC_SYS0_ML04_A0446', 'SIOC_SYS0_ML04_A0447', 'SIOC_SYS0_ML04_A0448', 'LAS_VIT_TIME', 'ATM_delay_stage', 'LAS_ATT1_WP1', 'LAS_ATT1_WP2']
epicsStore names for epicsAll ['StaleFlags', 'IM1K1_power_meter', 'IM1K2_power_meter', 'IM2K1_power_meter', 'IM2K2_power_meter', 'IM3K2_power_meter', 'IM4K2_power_meter', 'IM5K2_power_meter', 'IM6K2_power_meter', 'MONO_MR2K1_PITCH', 'MONO_GRATING_PITCH', 'MONO_GRATING_HORZ', 'MR1K1_BENDER_US', 'MR1K1_BENDER_DS', 'MR1K1_PITCH', 'MR1K2_SWITCH_PITCH', 'EXIT_SLIT_GAP', 'MONO_ENERGY_EV', 'Machine', 'milliJoulesPerPulse_gmd', 'Keithley_gmd', 'GMD_Keithley_Sum', 'GMD_Temp_rbv', 'GMD_CrossSection', 'GMD_MeanCharge', 'GMD_PressureCalc', 'GMD_ElectronMultiplier', 'GMD_IonMesh', 'GMD_ElectronMesh', 'GMD_ElectronFaradayCup', 'Keithley_1_xgmd', 'Keithley_2_xgmd', 'milliJoulesPerPulse_xgmd', 'XGMD_KeithleySum', 'XGMD_Temp', 'XGMD_CrossSection', 'XGMD_MeanCharge', 'XGMD_Pressure', 'XGMD_ElectronMultiplier', 'XGMD_IonMesh', 'XGMD_ElectronMesh', 'XGMD_ElectronFaradayCup', 'AT1K0_photon_energy', 'AT1K0_actual_GasAttenTrans', 'AT1K0_set_GasAttenTrans', 'AT1K0_PressureSetPt', 'AT1K0_VCN70_PosReq', 'pf1k0_y', 'pf1k0_z', 'MR1K4_xup', 'MR1K4_yup', 'MR1K4_pitch', 'MR2K4_x', 'MR2K4_y', 'MR2K4_pitch', 'MR2K4_bender_us', 'MR2K4_bender_ds', 'MR3K4_x', 'MR3K4_y', 'MR3K4_pitch', 'MR3K4_bender_us', 'MR3K4_bender_ds', 'PF1K4_y', 'PF1K4_z', 'IM2K4_XrayPower', 'IM3K4_XrayPower', 'IM4K4_XrayPower', 'IM5K4_XrayPower', 'CRIX_DIAG_X', 'CRIX_DIAG_Y', 'CRIX_DIAG_Z', 'CRIX_PDET_2THETA', 'CRIX_PDET_Y', 'CRIX_OBJ_X', 'CRIX_OBJ_Y', 'CRIX_OBJ_Z', 'CRIX_ILM_X', 'CRIX_ILM_Y', 'CRIX_ILM_Z', 'CRIX_QSTR_X', 'CRIX_QSTR_Y', 'CRIX_SDS_X', 'CRIX_SDS_Y', 'CRIX_SDS_Z', 'CRIX_SDS_RY', 'CRIX_BEAM_X', 'CRIX_BEAM_Y', 'CRIX_BEAM_Z', 'CRIX_OUTCOUP_Y', 'CRIX_RCC_X', 'CRIX_RCC_Y', 'CRIX_RCC_Z', 'CRIX_VLS_SLTOP', 'CRIX_VLS_SLBOTTOM', 'CRIX_VLS_SLRIGHT', 'CRIX_VLS_SLLEFT', 'CRIX_VLS_MP', 'CRIX_VLS_GP', 'CRIX_VLS_CAM_PITCH', 'CRIX_VLS_CAM_DIST', 'CRIX_PTC_Y_10', 'CRIX_PTC_Y_11', 'Vitara_1_Shutter', 'Vitara_2_Shutter', 'Vitara_1_bucket', 'Vitara_2_bucket', 'Pulse_delay', 'GRAT_UNDS_3515_X', 'SLIT_UNDS_3555_X', 'SLIT_UNDS_3555_Y', 'MIRR_UNDS_3520_PITCH', 'MIRR_UNDS_3560_X', 'MIRR_UNDS_3565_X', 'MIRR_UNDS_3565_PITCH', 'MIRR_UNDS_3565_YAW', 'BOD_UNDS_3575_X', 'BOD_UNDS_3575_Y', 'BOD_UNDS_3795_X', 'BOD_UNDS_3795_Y', 'SIOC_SYS0_ML04_A0444', 'SIOC_SYS0_ML04_A0445', 'SIOC_SYS0_ML04_A0446', 'SIOC_SYS0_ML04_A0447', 'SIOC_SYS0_ML04_A0448', 'LAS_VIT_TIME', 'ATM_delay_stage', 'LAS_ATT1_WP1', 'LAS_ATT1_WP2']
epicsStore names for epicsAll ['StaleFlags', 'IM1K1_power_meter', 'IM1K2_power_meter', 'IM2K1_power_meter', 'IM2K2_power_meter', 'IM3K2_power_meter', 'IM4K2_power_meter', 'IM5K2_power_meter', 'IM6K2_power_meter', 'MONO_MR2K1_PITCH', 'MONO_GRATING_PITCH', 'MONO_GRATING_HORZ', 'MR1K1_BENDER_US', 'MR1K1_BENDER_DS', 'MR1K1_PITCH', 'MR1K2_SWITCH_PITCH', 'EXIT_SLIT_GAP', 'MONO_ENERGY_EV', 'Machine', 'milliJoulesPerPulse_gmd', 'Keithley_gmd', 'GMD_Keithley_Sum', 'GMD_Temp_rbv', 'GMD_CrossSection', 'GMD_MeanCharge', 'GMD_PressureCalc', 'GMD_ElectronMultiplier', 'GMD_IonMesh', 'GMD_ElectronMesh', 'GMD_ElectronFaradayCup', 'Keithley_1_xgmd', 'Keithley_2_xgmd', 'milliJoulesPerPulse_xgmd', 'XGMD_KeithleySum', 'XGMD_Temp', 'XGMD_CrossSection', 'XGMD_MeanCharge', 'XGMD_Pressure', 'XGMD_ElectronMultiplier', 'XGMD_IonMesh', 'XGMD_ElectronMesh', 'XGMD_ElectronFaradayCup', 'AT1K0_photon_energy', 'AT1K0_actual_GasAttenTrans', 'AT1K0_set_GasAttenTrans', 'AT1K0_PressureSetPt', 'AT1K0_VCN70_PosReq', 'pf1k0_y', 'pf1k0_z', 'MR1K4_xup', 'MR1K4_yup', 'MR1K4_pitch', 'MR2K4_x', 'MR2K4_y', 'MR2K4_pitch', 'MR2K4_bender_us', 'MR2K4_bender_ds', 'MR3K4_x', 'MR3K4_y', 'MR3K4_pitch', 'MR3K4_bender_us', 'MR3K4_bender_ds', 'PF1K4_y', 'PF1K4_z', 'IM2K4_XrayPower', 'IM3K4_XrayPower', 'IM4K4_XrayPower', 'IM5K4_XrayPower', 'CRIX_DIAG_X', 'CRIX_DIAG_Y', 'CRIX_DIAG_Z', 'CRIX_PDET_2THETA', 'CRIX_PDET_Y', 'CRIX_OBJ_X', 'CRIX_OBJ_Y', 'CRIX_OBJ_Z', 'CRIX_ILM_X', 'CRIX_ILM_Y', 'CRIX_ILM_Z', 'CRIX_QSTR_X', 'CRIX_QSTR_Y', 'CRIX_SDS_X', 'CRIX_SDS_Y', 'CRIX_SDS_Z', 'CRIX_SDS_RY', 'CRIX_BEAM_X', 'CRIX_BEAM_Y', 'CRIX_BEAM_Z', 'CRIX_OUTCOUP_Y', 'CRIX_RCC_X', 'CRIX_RCC_Y', 'CRIX_RCC_Z', 'CRIX_VLS_SLTOP', 'CRIX_VLS_SLBOTTOM', 'CRIX_VLS_SLRIGHT', 'CRIX_VLS_SLLEFT', 'CRIX_VLS_MP', 'CRIX_VLS_GP', 'CRIX_VLS_CAM_PITCH', 'CRIX_VLS_CAM_DIST', 'CRIX_PTC_Y_10', 'CRIX_PTC_Y_11', 'Vitara_1_Shutter', 'Vitara_2_Shutter', 'Vitara_1_bucket', 'Vitara_2_bucket', 'Pulse_delay', 'GRAT_UNDS_3515_X', 'SLIT_UNDS_3555_X', 'SLIT_UNDS_3555_Y', 'MIRR_UNDS_3520_PITCH', 'MIRR_UNDS_3560_X', 'MIRR_UNDS_3565_X', 'MIRR_UNDS_3565_PITCH', 'MIRR_UNDS_3565_YAW', 'BOD_UNDS_3575_X', 'BOD_UNDS_3575_Y', 'BOD_UNDS_3795_X', 'BOD_UNDS_3795_Y', 'SIOC_SYS0_ML04_A0444', 'SIOC_SYS0_ML04_A0445', 'SIOC_SYS0_ML04_A0446', 'SIOC_SYS0_ML04_A0447', 'SIOC_SYS0_ML04_A0448', 'LAS_VIT_TIME', 'ATM_delay_stage', 'LAS_ATT1_WP1', 'LAS_ATT1_WP2']
Getting the detector for:  andor_dir
Getting the detector for:  andor_vls
Getting the detector for:  rix_fim0
DEBUG: call set from det for full with detector det_rix_fim0: 
DEBUG: call set from func for fimSum from full: 
Getting the detector for:  rix_fim1
DEBUG: call set from det for full with detector det_rix_fim1: 
DEBUG: call set from func for fimSum from full: 
Getting the detector for:  rix_fim2
DEBUG: call set from det for full with detector det_rix_fim2: 
DEBUG: call set from func for fimSum from full: 
Getting the detector for:  atmopal
DEBUG: call set from det for ROI0 with detector atmopal: 
DEBUG: call set from func for pj_ax_0 from ROI0: 
[<smalldata_tools.DetObject_lcls2.PVObject_lcls2 object at 0x7f8966740e10>, <smalldata_tools.DetObject_lcls2.PVObject_lcls2 object at 0x7f8966740d90>, <smalldata_tools.DetObject_lcls2.Wave8Object object at 0x7f8966740a90>, <smalldata_tools.DetObject_lcls2.Wave8Object object at 0x7f8966740d10>, <smalldata_tools.DetObject_lcls2.Wave8Object object at 0x7f8966740890>, <smalldata_tools.DetObject_lcls2.OpalObject_lcls2 object at 0x7f8966740990>]
And now the event loop....
Getting the detector for:  andor_dir
Getting the detector for:  andor_vls
Getting the detector for:  rix_fim0
DEBUG: call set from det for full with detector det_rix_fim0: 
DEBUG: call set from func for fimSum from full: 
Getting the detector for:  rix_fim1
DEBUG: call set from det for full with detector det_rix_fim1: 
DEBUG: call set from func for fimSum from full: 
Getting the detector for:  rix_fim2
DEBUG: call set from det for full with detector det_rix_fim2: 
DEBUG: call set from func for fimSum from full: 
Getting the detector for:  atmopal
DEBUG: call set from det for ROI0 with detector atmopal: 
DEBUG: call set from func for pj_ax_0 from ROI0: 
[<smalldata_tools.DetObject_lcls2.PVObject_lcls2 object at 0x7f6301b2f390>, <smalldata_tools.DetObject_lcls2.PVObject_lcls2 object at 0x7f6301b2f150>, <smalldata_tools.DetObject_lcls2.Wave8Object object at 0x7f6301b2f090>, <smalldata_tools.DetObject_lcls2.Wave8Object object at 0x7f6301b2f2d0>, <smalldata_tools.DetObject_lcls2.Wave8Object object at 0x7f6301b2f590>, <smalldata_tools.DetObject_lcls2.OpalObject_lcls2 object at 0x7f6301b2f7d0>]
Getting the detector for:  andor_dir
Getting the detector for:  andor_vls
Getting the detector for:  rix_fim0
DEBUG: call set from det for full with detector det_rix_fim0: 
DEBUG: call set from func for fimSum from full: 
Getting the detector for:  rix_fim1
DEBUG: call set from det for full with detector det_rix_fim1: 
DEBUG: call set from func for fimSum from full: 
Getting the detector for:  rix_fim2
DEBUG: call set from det for full with detector det_rix_fim2: 
DEBUG: call set from func for fimSum from full: 
Getting the detector for:  atmopal
DEBUG: call set from det for ROI0 with detector atmopal: 
DEBUG: call set from func for pj_ax_0 from ROI0: 
[<smalldata_tools.DetObject_lcls2.PVObject_lcls2 object at 0x7f3476926790>, <smalldata_tools.DetObject_lcls2.PVObject_lcls2 object at 0x7f34769b9350>, <smalldata_tools.DetObject_lcls2.Wave8Object object at 0x7f34769267d0>, <smalldata_tools.DetObject_lcls2.Wave8Object object at 0x7f3476926b10>, <smalldata_tools.DetObject_lcls2.Wave8Object object at 0x7f3476926bd0>, <smalldata_tools.DetObject_lcls2.OpalObject_lcls2 object at 0x7f3476926a10>]
Getting the detector for:  andor_dir
Getting the detector for:  andor_vls
Getting the detector for:  rix_fim0
DEBUG: call set from det for full with detector det_rix_fim0: 
DEBUG: call set from func for fimSum from full: 
Getting the detector for:  rix_fim1
DEBUG: call set from det for full with detector det_rix_fim1: 
DEBUG: call set from func for fimSum from full: 
Getting the detector for:  rix_fim2
DEBUG: call set from det for full with detector det_rix_fim2: 
DEBUG: call set from func for fimSum from full: 
Getting the detector for:  atmopal
DEBUG: call set from det for ROI0 with detector atmopal: 
DEBUG: call set from func for pj_ax_0 from ROI0: 
[<smalldata_tools.DetObject_lcls2.PVObject_lcls2 object at 0x7f3c9b046810>, <smalldata_tools.DetObject_lcls2.PVObject_lcls2 object at 0x7f3c9be72810>, <smalldata_tools.DetObject_lcls2.Wave8Object object at 0x7f3c9b0462d0>, <smalldata_tools.DetObject_lcls2.Wave8Object object at 0x7f3c9b046190>, <smalldata_tools.DetObject_lcls2.Wave8Object object at 0x7f3c9b0461d0>, <smalldata_tools.DetObject_lcls2.OpalObject_lcls2 object at 0x7f3c9b046910>]
This event has no data to be processed for andor_dir
This event has no data to be processed for andor_vls
This event has no data to be processed for andor_dir
This event has no data to be processed for andor_vls
This event has no data to be processed for andor_dir
This event has no data to be processed for andor_vls
This event has no data to be processed for andor_dir
This event has no data to be processed for andor_vls
This event has no data to be processed for andor_dir
This event has no data to be processed for andor_vls
This event has no data to be processed for andor_dir
This event has no data to be processed for andor_vls
This event has no data to be processed for andor_dir
This event has no data to be processed for andor_vls
This event has no data to be processed for andor_dir
This event has no data to be processed for andor_vls
This event has no data to be processed for andor_dir
This event has no data to be processed for andor_vls
This event has no data to be processed for andor_dir
This event has no data to be processed for andor_vls
