This is a LCLS-II experiment
/var/spool/slurmd/job484402/slurm_script: line 94: export: `1': not a valid identifier
/cds/home/m/monarin/psana-nersc/psana2/rix/smalldata_tools
['/cds/data/drpsrcf/rix/rixl1013320/xtc/rixl1013320-r0093-s000-c000.xtc2', '/cds/data/drpsrcf/rix/rixl1013320/xtc/rixl1013320-r0093-s007-c000.xtc2', '/cds/data/drpsrcf/rix/rixl1013320/xtc/rixl1013320-r0093-s008-c000.xtc2', '/cds/data/drpsrcf/rix/rixl1013320/xtc/rixl1013320-r0093-s006-c000.xtc2', '/cds/data/drpsrcf/rix/rixl1013320/xtc/rixl1013320-r0093-s003-c000.xtc2', '/cds/data/drpsrcf/rix/rixl1013320/xtc/rixl1013320-r0093-s001-c000.xtc2', '/cds/data/drpsrcf/rix/rixl1013320/xtc/rixl1013320-r0093-s005-c000.xtc2', '/cds/data/drpsrcf/rix/rixl1013320/xtc/rixl1013320-r0093-s004-c000.xtc2', '/cds/data/drpsrcf/rix/rixl1013320/xtc/rixl1013320-r0093-s002-c000.xtc2', '/cds/data/drpsrcf/rix/rixl1013320/xtc/rixl1013320-r0093-s009-c000.xtc2']
Files appeared after 0:00:00.003196 seconds
deifne output
['/cds/data/drpsrcf/rix/rixl1013320/xtc/rixl1013320-r0093-s000-c000.xtc2', '/cds/data/drpsrcf/rix/rixl1013320/xtc/rixl1013320-r0093-s007-c000.xtc2', '/cds/data/drpsrcf/rix/rixl1013320/xtc/rixl1013320-r0093-s008-c000.xtc2', '/cds/data/drpsrcf/rix/rixl1013320/xtc/rixl1013320-r0093-s006-c000.xtc2', '/cds/data/drpsrcf/rix/rixl1013320/xtc/rixl1013320-r0093-s003-c000.xtc2', '/cds/data/drpsrcf/rix/rixl1013320/xtc/rixl1013320-r0093-s001-c000.xtc2', '/cds/data/drpsrcf/rix/rixl1013320/xtc/rixl1013320-r0093-s005-c000.xtc2', '/cds/data/drpsrcf/rix/rixl1013320/xtc/rixl1013320-r0093-s004-c000.xtc2', '/cds/data/drpsrcf/rix/rixl1013320/xtc/rixl1013320-r0093-s002-c000.xtc2', '/cds/data/drpsrcf/rix/rixl1013320/xtc/rixl1013320-r0093-s009-c000.xtc2']
Files appeared after 0:00:00.003245 seconds
deifne output
['/cds/data/drpsrcf/rix/rixl1013320/xtc/rixl1013320-r0093-s000-c000.xtc2', '/cds/data/drpsrcf/rix/rixl1013320/xtc/rixl1013320-r0093-s007-c000.xtc2', '/cds/data/drpsrcf/rix/rixl1013320/xtc/rixl1013320-r0093-s008-c000.xtc2', '/cds/data/drpsrcf/rix/rixl1013320/xtc/rixl1013320-r0093-s006-c000.xtc2', '/cds/data/drpsrcf/rix/rixl1013320/xtc/rixl1013320-r0093-s003-c000.xtc2', '/cds/data/drpsrcf/rix/rixl1013320/xtc/rixl1013320-r0093-s001-c000.xtc2', '/cds/data/drpsrcf/rix/rixl1013320/xtc/rixl1013320-r0093-s005-c000.xtc2', '/cds/data/drpsrcf/rix/rixl1013320/xtc/rixl1013320-r0093-s004-c000.xtc2', '/cds/data/drpsrcf/rix/rixl1013320/xtc/rixl1013320-r0093-s002-c000.xtc2', '/cds/data/drpsrcf/rix/rixl1013320/xtc/rixl1013320-r0093-s009-c000.xtc2']
Files appeared after 0:00:00.003235 seconds
deifne output
['/cds/data/drpsrcf/rix/rixl1013320/xtc/rixl1013320-r0093-s000-c000.xtc2', '/cds/data/drpsrcf/rix/rixl1013320/xtc/rixl1013320-r0093-s007-c000.xtc2', '/cds/data/drpsrcf/rix/rixl1013320/xtc/rixl1013320-r0093-s008-c000.xtc2', '/cds/data/drpsrcf/rix/rixl1013320/xtc/rixl1013320-r0093-s006-c000.xtc2', '/cds/data/drpsrcf/rix/rixl1013320/xtc/rixl1013320-r0093-s003-c000.xtc2', '/cds/data/drpsrcf/rix/rixl1013320/xtc/rixl1013320-r0093-s001-c000.xtc2', '/cds/data/drpsrcf/rix/rixl1013320/xtc/rixl1013320-r0093-s005-c000.xtc2', '/cds/data/drpsrcf/rix/rixl1013320/xtc/rixl1013320-r0093-s004-c000.xtc2', '/cds/data/drpsrcf/rix/rixl1013320/xtc/rixl1013320-r0093-s002-c000.xtc2', '/cds/data/drpsrcf/rix/rixl1013320/xtc/rixl1013320-r0093-s009-c000.xtc2']
Files appeared after 0:00:00.003245 seconds
deifne output
['/cds/data/drpsrcf/rix/rixl1013320/xtc/rixl1013320-r0093-s000-c000.xtc2', '/cds/data/drpsrcf/rix/rixl1013320/xtc/rixl1013320-r0093-s007-c000.xtc2', '/cds/data/drpsrcf/rix/rixl1013320/xtc/rixl1013320-r0093-s008-c000.xtc2', '/cds/data/drpsrcf/rix/rixl1013320/xtc/rixl1013320-r0093-s006-c000.xtc2', '/cds/data/drpsrcf/rix/rixl1013320/xtc/rixl1013320-r0093-s003-c000.xtc2', '/cds/data/drpsrcf/rix/rixl1013320/xtc/rixl1013320-r0093-s001-c000.xtc2', '/cds/data/drpsrcf/rix/rixl1013320/xtc/rixl1013320-r0093-s005-c000.xtc2', '/cds/data/drpsrcf/rix/rixl1013320/xtc/rixl1013320-r0093-s004-c000.xtc2', '/cds/data/drpsrcf/rix/rixl1013320/xtc/rixl1013320-r0093-s002-c000.xtc2', '/cds/data/drpsrcf/rix/rixl1013320/xtc/rixl1013320-r0093-s009-c000.xtc2']
Files appeared after 0:00:00.003282 seconds
deifne output
/cds/home/m/monarin/psana-nersc/psana2/rix/output/rixl1013320_Run0093.h5
/cds/home/m/monarin/psana-nersc/psana2/rix/output/rixl1013320_Run0093.h5
/cds/home/m/monarin/psana-nersc/psana2/rix/output/rixl1013320_Run0093.h5
/cds/home/m/monarin/psana-nersc/psana2/rix/output/rixl1013320_Run0093.h5
/cds/home/m/monarin/psana-nersc/psana2/rix/output/rixl1013320_Run0093.h5
Opening the data source:
Opening the h5file /cds/home/m/monarin/psana-nersc/psana2/rix/output/rixl1013320_Run0093.h5, gathering at 100
Opened the data source, now get run
Opening the h5file /cds/home/m/monarin/psana-nersc/psana2/rix/output/rixl1013320_Run0093.h5, gathering at 100
smalldata file has been created on rank 3
Opening the h5file /cds/home/m/monarin/psana-nersc/psana2/rix/output/rixl1013320_Run0093.h5, gathering at 100
smalldata file has been created on rank 1
Opening the h5file /cds/home/m/monarin/psana-nersc/psana2/rix/output/rixl1013320_Run0093.h5, gathering at 100
smalldata file has been created on rank 2
Opening the h5file /cds/home/m/monarin/psana-nersc/psana2/rix/output/rixl1013320_Run0093.h5, gathering at 100
smalldata file has been created on rank 0
INFO:__main__:psana conda environment is ps-4.4.10
epicsStore names for epicsAll ['StaleFlags', 'IM1K1_power_meter', 'IM1K2_power_meter', 'IM2K1_power_meter', 'IM2K2_power_meter', 'IM3K2_power_meter', 'IM4K2_power_meter', 'IM5K2_power_meter', 'IM6K2_power_meter', 'MONO_MR2K1_PITCH', 'MONO_GRATING_PITCH', 'MONO_GRATING_HORZ', 'MR1K1_BENDER_US', 'MR1K1_BENDER_DS', 'MR1K1_PITCH', 'MR1K2_SWITCH_PITCH', 'EXIT_SLIT_GAP', 'MONO_ENERGY_EV', 'Machine', 'milliJoulesPerPulse_gmd', 'Keithley_gmd', 'GMD_Keithley_Sum', 'GMD_Temp_rbv', 'GMD_CrossSection', 'GMD_MeanCharge', 'GMD_PressureCalc', 'GMD_ElectronMultiplier', 'GMD_IonMesh', 'GMD_ElectronMesh', 'GMD_ElectronFaradayCup', 'Keithley_1_xgmd', 'Keithley_2_xgmd', 'milliJoulesPerPulse_xgmd', 'XGMD_KeithleySum', 'XGMD_Temp', 'XGMD_CrossSection', 'XGMD_MeanCharge', 'XGMD_Pressure', 'XGMD_ElectronMultiplier', 'XGMD_IonMesh', 'XGMD_ElectronMesh', 'XGMD_ElectronFaradayCup', 'AT1K0_photon_energy', 'AT1K0_actual_GasAttenTrans', 'AT1K0_set_GasAttenTrans', 'AT1K0_PressureSetPt', 'AT1K0_VCN70_PosReq', 'pf1k0_y', 'pf1k0_z', 'MR1K4_xup', 'MR1K4_yup', 'MR1K4_pitch', 'MR2K4_x', 'MR2K4_y', 'MR2K4_pitch', 'MR2K4_bender_us', 'MR2K4_bender_ds', 'MR3K4_x', 'MR3K4_y', 'MR3K4_pitch', 'MR3K4_bender_us', 'MR3K4_bender_ds', 'PF1K4_y', 'PF1K4_z', 'IM2K4_XrayPower', 'IM3K4_XrayPower', 'IM4K4_XrayPower', 'IM5K4_XrayPower', 'CRIX_DIAG_X', 'CRIX_DIAG_Y', 'CRIX_DIAG_Z', 'CRIX_PDET_2THETA', 'CRIX_PDET_Y', 'CRIX_OBJ_X', 'CRIX_OBJ_Y', 'CRIX_OBJ_Z', 'CRIX_ILM_X', 'CRIX_ILM_Y', 'CRIX_ILM_Z', 'CRIX_QSTR_X', 'CRIX_QSTR_Y', 'CRIX_SDS_X', 'CRIX_SDS_Y', 'CRIX_SDS_Z', 'CRIX_SDS_RY', 'CRIX_BEAM_X', 'CRIX_BEAM_Y', 'CRIX_BEAM_Z', 'CRIX_OUTCOUP_Y', 'CRIX_RCC_X', 'CRIX_RCC_Y', 'CRIX_RCC_Z', 'CRIX_VLS_SLTOP', 'CRIX_VLS_SLBOTTOM', 'CRIX_VLS_SLRIGHT', 'CRIX_VLS_SLLEFT', 'CRIX_VLS_MP', 'CRIX_VLS_GP', 'CRIX_VLS_CAM_PITCH', 'CRIX_VLS_CAM_DIST', 'CRIX_PTC_Y_10', 'CRIX_PTC_Y_11', 'Vitara_1_Shutter', 'Vitara_2_Shutter', 'Vitara_1_bucket', 'Vitara_2_bucket', 'Pulse_delay', 'GRAT_UNDS_3515_X', 'SLIT_UNDS_3555_X', 'SLIT_UNDS_3555_Y', 'MIRR_UNDS_3520_PITCH', 'MIRR_UNDS_3560_X', 'MIRR_UNDS_3565_X', 'MIRR_UNDS_3565_PITCH', 'MIRR_UNDS_3565_YAW', 'BOD_UNDS_3575_X', 'BOD_UNDS_3575_Y', 'BOD_UNDS_3795_X', 'BOD_UNDS_3795_Y', 'SIOC_SYS0_ML04_A0444', 'SIOC_SYS0_ML04_A0445', 'SIOC_SYS0_ML04_A0446', 'SIOC_SYS0_ML04_A0447', 'SIOC_SYS0_ML04_A0448', 'LAS_VIT_TIME', 'ATM_delay_stage', 'LAS_ATT1_WP1', 'LAS_ATT1_WP2']
INFO:__main__:adding all epicsPVs....
INFO:__main__:adding all epicsPVs....
INFO:__main__:adding all epicsPVs....
epicsStore names for epicsAll ['StaleFlags', 'IM1K1_power_meter', 'IM1K2_power_meter', 'IM2K1_power_meter', 'IM2K2_power_meter', 'IM3K2_power_meter', 'IM4K2_power_meter', 'IM5K2_power_meter', 'IM6K2_power_meter', 'MONO_MR2K1_PITCH', 'MONO_GRATING_PITCH', 'MONO_GRATING_HORZ', 'MR1K1_BENDER_US', 'MR1K1_BENDER_DS', 'MR1K1_PITCH', 'MR1K2_SWITCH_PITCH', 'EXIT_SLIT_GAP', 'MONO_ENERGY_EV', 'Machine', 'milliJoulesPerPulse_gmd', 'Keithley_gmd', 'GMD_Keithley_Sum', 'GMD_Temp_rbv', 'GMD_CrossSection', 'GMD_MeanCharge', 'GMD_PressureCalc', 'GMD_ElectronMultiplier', 'GMD_IonMesh', 'GMD_ElectronMesh', 'GMD_ElectronFaradayCup', 'Keithley_1_xgmd', 'Keithley_2_xgmd', 'milliJoulesPerPulse_xgmd', 'XGMD_KeithleySum', 'XGMD_Temp', 'XGMD_CrossSection', 'XGMD_MeanCharge', 'XGMD_Pressure', 'XGMD_ElectronMultiplier', 'XGMD_IonMesh', 'XGMD_ElectronMesh', 'XGMD_ElectronFaradayCup', 'AT1K0_photon_energy', 'AT1K0_actual_GasAttenTrans', 'AT1K0_set_GasAttenTrans', 'AT1K0_PressureSetPt', 'AT1K0_VCN70_PosReq', 'pf1k0_y', 'pf1k0_z', 'MR1K4_xup', 'MR1K4_yup', 'MR1K4_pitch', 'MR2K4_x', 'MR2K4_y', 'MR2K4_pitch', 'MR2K4_bender_us', 'MR2K4_bender_ds', 'MR3K4_x', 'MR3K4_y', 'MR3K4_pitch', 'MR3K4_bender_us', 'MR3K4_bender_ds', 'PF1K4_y', 'PF1K4_z', 'IM2K4_XrayPower', 'IM3K4_XrayPower', 'IM4K4_XrayPower', 'IM5K4_XrayPower', 'CRIX_DIAG_X', 'CRIX_DIAG_Y', 'CRIX_DIAG_Z', 'CRIX_PDET_2THETA', 'CRIX_PDET_Y', 'CRIX_OBJ_X', 'CRIX_OBJ_Y', 'CRIX_OBJ_Z', 'CRIX_ILM_X', 'CRIX_ILM_Y', 'CRIX_ILM_Z', 'CRIX_QSTR_X', 'CRIX_QSTR_Y', 'CRIX_SDS_X', 'CRIX_SDS_Y', 'CRIX_SDS_Z', 'CRIX_SDS_RY', 'CRIX_BEAM_X', 'CRIX_BEAM_Y', 'CRIX_BEAM_Z', 'CRIX_OUTCOUP_Y', 'CRIX_RCC_X', 'CRIX_RCC_Y', 'CRIX_RCC_Z', 'CRIX_VLS_SLTOP', 'CRIX_VLS_SLBOTTOM', 'CRIX_VLS_SLRIGHT', 'CRIX_VLS_SLLEFT', 'CRIX_VLS_MP', 'CRIX_VLS_GP', 'CRIX_VLS_CAM_PITCH', 'CRIX_VLS_CAM_DIST', 'CRIX_PTC_Y_10', 'CRIX_PTC_Y_11', 'Vitara_1_Shutter', 'Vitara_2_Shutter', 'Vitara_1_bucket', 'Vitara_2_bucket', 'Pulse_delay', 'GRAT_UNDS_3515_X', 'SLIT_UNDS_3555_X', 'SLIT_UNDS_3555_Y', 'MIRR_UNDS_3520_PITCH', 'MIRR_UNDS_3560_X', 'MIRR_UNDS_3565_X', 'MIRR_UNDS_3565_PITCH', 'MIRR_UNDS_3565_YAW', 'BOD_UNDS_3575_X', 'BOD_UNDS_3575_Y', 'BOD_UNDS_3795_X', 'BOD_UNDS_3795_Y', 'SIOC_SYS0_ML04_A0444', 'SIOC_SYS0_ML04_A0445', 'SIOC_SYS0_ML04_A0446', 'SIOC_SYS0_ML04_A0447', 'SIOC_SYS0_ML04_A0448', 'LAS_VIT_TIME', 'ATM_delay_stage', 'LAS_ATT1_WP1', 'LAS_ATT1_WP2']
epicsStore names for epicsAll ['StaleFlags', 'IM1K1_power_meter', 'IM1K2_power_meter', 'IM2K1_power_meter', 'IM2K2_power_meter', 'IM3K2_power_meter', 'IM4K2_power_meter', 'IM5K2_power_meter', 'IM6K2_power_meter', 'MONO_MR2K1_PITCH', 'MONO_GRATING_PITCH', 'MONO_GRATING_HORZ', 'MR1K1_BENDER_US', 'MR1K1_BENDER_DS', 'MR1K1_PITCH', 'MR1K2_SWITCH_PITCH', 'EXIT_SLIT_GAP', 'MONO_ENERGY_EV', 'Machine', 'milliJoulesPerPulse_gmd', 'Keithley_gmd', 'GMD_Keithley_Sum', 'GMD_Temp_rbv', 'GMD_CrossSection', 'GMD_MeanCharge', 'GMD_PressureCalc', 'GMD_ElectronMultiplier', 'GMD_IonMesh', 'GMD_ElectronMesh', 'GMD_ElectronFaradayCup', 'Keithley_1_xgmd', 'Keithley_2_xgmd', 'milliJoulesPerPulse_xgmd', 'XGMD_KeithleySum', 'XGMD_Temp', 'XGMD_CrossSection', 'XGMD_MeanCharge', 'XGMD_Pressure', 'XGMD_ElectronMultiplier', 'XGMD_IonMesh', 'XGMD_ElectronMesh', 'XGMD_ElectronFaradayCup', 'AT1K0_photon_energy', 'AT1K0_actual_GasAttenTrans', 'AT1K0_set_GasAttenTrans', 'AT1K0_PressureSetPt', 'AT1K0_VCN70_PosReq', 'pf1k0_y', 'pf1k0_z', 'MR1K4_xup', 'MR1K4_yup', 'MR1K4_pitch', 'MR2K4_x', 'MR2K4_y', 'MR2K4_pitch', 'MR2K4_bender_us', 'MR2K4_bender_ds', 'MR3K4_x', 'MR3K4_y', 'MR3K4_pitch', 'MR3K4_bender_us', 'MR3K4_bender_ds', 'PF1K4_y', 'PF1K4_z', 'IM2K4_XrayPower', 'IM3K4_XrayPower', 'IM4K4_XrayPower', 'IM5K4_XrayPower', 'CRIX_DIAG_X', 'CRIX_DIAG_Y', 'CRIX_DIAG_Z', 'CRIX_PDET_2THETA', 'CRIX_PDET_Y', 'CRIX_OBJ_X', 'CRIX_OBJ_Y', 'CRIX_OBJ_Z', 'CRIX_ILM_X', 'CRIX_ILM_Y', 'CRIX_ILM_Z', 'CRIX_QSTR_X', 'CRIX_QSTR_Y', 'CRIX_SDS_X', 'CRIX_SDS_Y', 'CRIX_SDS_Z', 'CRIX_SDS_RY', 'CRIX_BEAM_X', 'CRIX_BEAM_Y', 'CRIX_BEAM_Z', 'CRIX_OUTCOUP_Y', 'CRIX_RCC_X', 'CRIX_RCC_Y', 'CRIX_RCC_Z', 'CRIX_VLS_SLTOP', 'CRIX_VLS_SLBOTTOM', 'CRIX_VLS_SLRIGHT', 'CRIX_VLS_SLLEFT', 'CRIX_VLS_MP', 'CRIX_VLS_GP', 'CRIX_VLS_CAM_PITCH', 'CRIX_VLS_CAM_DIST', 'CRIX_PTC_Y_10', 'CRIX_PTC_Y_11', 'Vitara_1_Shutter', 'Vitara_2_Shutter', 'Vitara_1_bucket', 'Vitara_2_bucket', 'Pulse_delay', 'GRAT_UNDS_3515_X', 'SLIT_UNDS_3555_X', 'SLIT_UNDS_3555_Y', 'MIRR_UNDS_3520_PITCH', 'MIRR_UNDS_3560_X', 'MIRR_UNDS_3565_X', 'MIRR_UNDS_3565_PITCH', 'MIRR_UNDS_3565_YAW', 'BOD_UNDS_3575_X', 'BOD_UNDS_3575_Y', 'BOD_UNDS_3795_X', 'BOD_UNDS_3795_Y', 'SIOC_SYS0_ML04_A0444', 'SIOC_SYS0_ML04_A0445', 'SIOC_SYS0_ML04_A0446', 'SIOC_SYS0_ML04_A0447', 'SIOC_SYS0_ML04_A0448', 'LAS_VIT_TIME', 'ATM_delay_stage', 'LAS_ATT1_WP1', 'LAS_ATT1_WP2']
Getting the detector for:  andor_dir
Getting the detector for:  andor_vls
Getting the detector for:  rix_fim0
DEBUG: call set from det for full with detector det_rix_fim0: 
DEBUG: call set from func for fimSum from full: 
Getting the detector for:  rix_fim1
DEBUG: call set from det for full with detector det_rix_fim1: 
DEBUG: call set from func for fimSum from full: 
Getting the detector for:  rix_fim2
DEBUG: call set from det for full with detector det_rix_fim2: 
DEBUG: call set from func for fimSum from full: 
Getting the detector for:  atmopal
DEBUG: call set from det for ROI0 with detector atmopal: 
DEBUG: call set from func for pj_ax_0 from ROI0: 
[<smalldata_tools.DetObject_lcls2.PVObject_lcls2 object at 0x7fc3b66c7f90>, <smalldata_tools.DetObject_lcls2.PVObject_lcls2 object at 0x7fc3b66c7890>, <smalldata_tools.DetObject_lcls2.Wave8Object object at 0x7fc3b66c7950>, <smalldata_tools.DetObject_lcls2.Wave8Object object at 0x7fc3b66de850>, <smalldata_tools.DetObject_lcls2.Wave8Object object at 0x7fc3b5f8b610>, <smalldata_tools.DetObject_lcls2.OpalObject_lcls2 object at 0x7fc3b66de910>]
INFO:__main__:adding all epicsPVs....
epicsStore names for epicsAll ['StaleFlags', 'IM1K1_power_meter', 'IM1K2_power_meter', 'IM2K1_power_meter', 'IM2K2_power_meter', 'IM3K2_power_meter', 'IM4K2_power_meter', 'IM5K2_power_meter', 'IM6K2_power_meter', 'MONO_MR2K1_PITCH', 'MONO_GRATING_PITCH', 'MONO_GRATING_HORZ', 'MR1K1_BENDER_US', 'MR1K1_BENDER_DS', 'MR1K1_PITCH', 'MR1K2_SWITCH_PITCH', 'EXIT_SLIT_GAP', 'MONO_ENERGY_EV', 'Machine', 'milliJoulesPerPulse_gmd', 'Keithley_gmd', 'GMD_Keithley_Sum', 'GMD_Temp_rbv', 'GMD_CrossSection', 'GMD_MeanCharge', 'GMD_PressureCalc', 'GMD_ElectronMultiplier', 'GMD_IonMesh', 'GMD_ElectronMesh', 'GMD_ElectronFaradayCup', 'Keithley_1_xgmd', 'Keithley_2_xgmd', 'milliJoulesPerPulse_xgmd', 'XGMD_KeithleySum', 'XGMD_Temp', 'XGMD_CrossSection', 'XGMD_MeanCharge', 'XGMD_Pressure', 'XGMD_ElectronMultiplier', 'XGMD_IonMesh', 'XGMD_ElectronMesh', 'XGMD_ElectronFaradayCup', 'AT1K0_photon_energy', 'AT1K0_actual_GasAttenTrans', 'AT1K0_set_GasAttenTrans', 'AT1K0_PressureSetPt', 'AT1K0_VCN70_PosReq', 'pf1k0_y', 'pf1k0_z', 'MR1K4_xup', 'MR1K4_yup', 'MR1K4_pitch', 'MR2K4_x', 'MR2K4_y', 'MR2K4_pitch', 'MR2K4_bender_us', 'MR2K4_bender_ds', 'MR3K4_x', 'MR3K4_y', 'MR3K4_pitch', 'MR3K4_bender_us', 'MR3K4_bender_ds', 'PF1K4_y', 'PF1K4_z', 'IM2K4_XrayPower', 'IM3K4_XrayPower', 'IM4K4_XrayPower', 'IM5K4_XrayPower', 'CRIX_DIAG_X', 'CRIX_DIAG_Y', 'CRIX_DIAG_Z', 'CRIX_PDET_2THETA', 'CRIX_PDET_Y', 'CRIX_OBJ_X', 'CRIX_OBJ_Y', 'CRIX_OBJ_Z', 'CRIX_ILM_X', 'CRIX_ILM_Y', 'CRIX_ILM_Z', 'CRIX_QSTR_X', 'CRIX_QSTR_Y', 'CRIX_SDS_X', 'CRIX_SDS_Y', 'CRIX_SDS_Z', 'CRIX_SDS_RY', 'CRIX_BEAM_X', 'CRIX_BEAM_Y', 'CRIX_BEAM_Z', 'CRIX_OUTCOUP_Y', 'CRIX_RCC_X', 'CRIX_RCC_Y', 'CRIX_RCC_Z', 'CRIX_VLS_SLTOP', 'CRIX_VLS_SLBOTTOM', 'CRIX_VLS_SLRIGHT', 'CRIX_VLS_SLLEFT', 'CRIX_VLS_MP', 'CRIX_VLS_GP', 'CRIX_VLS_CAM_PITCH', 'CRIX_VLS_CAM_DIST', 'CRIX_PTC_Y_10', 'CRIX_PTC_Y_11', 'Vitara_1_Shutter', 'Vitara_2_Shutter', 'Vitara_1_bucket', 'Vitara_2_bucket', 'Pulse_delay', 'GRAT_UNDS_3515_X', 'SLIT_UNDS_3555_X', 'SLIT_UNDS_3555_Y', 'MIRR_UNDS_3520_PITCH', 'MIRR_UNDS_3560_X', 'MIRR_UNDS_3565_X', 'MIRR_UNDS_3565_PITCH', 'MIRR_UNDS_3565_YAW', 'BOD_UNDS_3575_X', 'BOD_UNDS_3575_Y', 'BOD_UNDS_3795_X', 'BOD_UNDS_3795_Y', 'SIOC_SYS0_ML04_A0444', 'SIOC_SYS0_ML04_A0445', 'SIOC_SYS0_ML04_A0446', 'SIOC_SYS0_ML04_A0447', 'SIOC_SYS0_ML04_A0448', 'LAS_VIT_TIME', 'ATM_delay_stage', 'LAS_ATT1_WP1', 'LAS_ATT1_WP2']
Getting the detector for:  andor_dir
Getting the detector for:  andor_vls
Getting the detector for:  rix_fim0
DEBUG: call set from det for full with detector det_rix_fim0: 
DEBUG: call set from func for fimSum from full: 
Getting the detector for:  rix_fim1
DEBUG: call set from det for full with detector det_rix_fim1: 
DEBUG: call set from func for fimSum from full: 
Getting the detector for:  rix_fim2
DEBUG: call set from det for full with detector det_rix_fim2: 
DEBUG: call set from func for fimSum from full: 
Getting the detector for:  atmopal
DEBUG: call set from det for ROI0 with detector atmopal: 
DEBUG: call set from func for pj_ax_0 from ROI0: 
[<smalldata_tools.DetObject_lcls2.PVObject_lcls2 object at 0x7fe63cc63f50>, <smalldata_tools.DetObject_lcls2.PVObject_lcls2 object at 0x7fe63cc80fd0>, <smalldata_tools.DetObject_lcls2.Wave8Object object at 0x7fe63cc638d0>, <smalldata_tools.DetObject_lcls2.Wave8Object object at 0x7fe63ce85510>, <smalldata_tools.DetObject_lcls2.Wave8Object object at 0x7fe63cc44890>, <smalldata_tools.DetObject_lcls2.OpalObject_lcls2 object at 0x7fe63cc44e90>]
Getting the detector for:  andor_dir
Getting the detector for:  andor_vls
Getting the detector for:  rix_fim0
DEBUG: call set from det for full with detector det_rix_fim0: 
DEBUG: call set from func for fimSum from full: 
Getting the detector for:  rix_fim1
DEBUG: call set from det for full with detector det_rix_fim1: 
DEBUG: call set from func for fimSum from full: 
Getting the detector for:  rix_fim2
DEBUG: call set from det for full with detector det_rix_fim2: 
DEBUG: call set from func for fimSum from full: 
Getting the detector for:  atmopal
DEBUG: call set from det for ROI0 with detector atmopal: 
DEBUG: call set from func for pj_ax_0 from ROI0: 
[<smalldata_tools.DetObject_lcls2.PVObject_lcls2 object at 0x7f728353dc50>, <smalldata_tools.DetObject_lcls2.PVObject_lcls2 object at 0x7f728353df90>, <smalldata_tools.DetObject_lcls2.Wave8Object object at 0x7f728353ddd0>, <smalldata_tools.DetObject_lcls2.Wave8Object object at 0x7f72834d5910>, <smalldata_tools.DetObject_lcls2.Wave8Object object at 0x7f728353d9d0>, <smalldata_tools.DetObject_lcls2.OpalObject_lcls2 object at 0x7f728353dc90>]
And now the event loop....
Getting the detector for:  andor_dir
Getting the detector for:  andor_vls
Getting the detector for:  rix_fim0
DEBUG: call set from det for full with detector det_rix_fim0: 
DEBUG: call set from func for fimSum from full: 
Getting the detector for:  rix_fim1
DEBUG: call set from det for full with detector det_rix_fim1: 
DEBUG: call set from func for fimSum from full: 
Getting the detector for:  rix_fim2
DEBUG: call set from det for full with detector det_rix_fim2: 
DEBUG: call set from func for fimSum from full: 
Getting the detector for:  atmopal
DEBUG: call set from det for ROI0 with detector atmopal: 
DEBUG: call set from func for pj_ax_0 from ROI0: 
[<smalldata_tools.DetObject_lcls2.PVObject_lcls2 object at 0x7fae7927d4d0>, <smalldata_tools.DetObject_lcls2.PVObject_lcls2 object at 0x7fae7927d110>, <smalldata_tools.DetObject_lcls2.Wave8Object object at 0x7fae792fd1d0>, <smalldata_tools.DetObject_lcls2.Wave8Object object at 0x7fae78d636d0>, <smalldata_tools.DetObject_lcls2.Wave8Object object at 0x7fae792fd3d0>, <smalldata_tools.DetObject_lcls2.OpalObject_lcls2 object at 0x7fae792fd4d0>]
INFO:__main__:rank 0 on drp-srcf-eb010 is finished
INFO:__main__:Saved all small data
Sums:
########## JOB TIME: 1.998934 minutes ###########
[0mSums:
This event has no data to be processed for andor_dir
This event has no data to be processed for andor_vls
Sums:
posting to the run tables.
Sums:
INFO:__main__:rank 1 on drp-srcf-eb010 is finished
INFO:__main__:Saved all small data
INFO:__main__:rank 3 on drp-srcf-eb010 is finished
Warning: dataset "UserDataCfg/epicsAll" was passed value: None... ignoring that dataset
INFO:__main__:rank 2 on drp-srcf-eb010 is finished
INFO:__main__:rank 4 on drp-srcf-eb010 is finished
smalldata file has been created on rank 4
epicsStore names for epicsAll []
Sums:
INFO:__main__:Saved all small data
INFO:__main__:Saved all small data
posting to the run tables.
posting to the run tables.
Joining: 1 files --> rixl1013320_Run0093.h5
INFO:__main__:Saved all small data
posting to the run tables.
URL: https://pswww.slac.stanford.edu/ws-auth/lgbk//run_control/rixl1013320/ws/add_run_params
<Response [403]>
[0mURL: https://pswww.slac.stanford.edu/ws-auth/lgbk//run_control/rixl1013320/ws/add_run_params
URL: https://pswww.slac.stanford.edu/ws-auth/lgbk//run_control/rixl1013320/ws/add_run_params
<Response [403]>
[0m<Response [403]>
[0mURL: https://pswww.slac.stanford.edu/ws-auth/lgbk//run_control/rixl1013320/ws/add_run_params
<Response [403]>
[0m